android/app/build/intermediates/manifest_merge_blame_file/release/manifest-merger-blame-release-report.txt
1<?xml version="1.0" encoding="utf-8"?>
2<manifest xmlns:android="http://schemas.android.com/apk/res/android"
3    package="com.example.kamu_sinavi_app"
4    android:versionCode="1"
5    android:versionName="1.0.0" >
6
7    <uses-sdk
8        android:minSdkVersion="21"
8-->src/main/AndroidManifest.xml
9        android:targetSdkVersion="34" />
9-->src/main/AndroidManifest.xml
10
11    <uses-permission android:name="android.permission.INTERNET" />
11-->src/main/AndroidManifest.xml:4:5-66
11-->src/main/AndroidManifest.xml:4:22-64
12    <uses-permission android:name="android.permission.WRITE_EXTERNAL_STORAGE" />
12-->src/main/AndroidManifest.xml:5:5-80
12-->src/main/AndroidManifest.xml:5:22-78
13    <uses-permission android:name="android.permission.READ_EXTERNAL_STORAGE" />
13-->src/main/AndroidManifest.xml:6:5-79
13-->src/main/AndroidManifest.xml:6:22-77
14
15    <!--
16         Required to query activities that can process text, see:
17         https://developer.android.com/training/package-visibility and
18         https://developer.android.com/reference/android/content/Intent#ACTION_PROCESS_TEXT.
19         In particular, this is used by the Flutter engine in io.flutter.plugin.text.ProcessTextPlugin.
20    -->
21    <queries>
21-->src/main/AndroidManifest.xml:45:5-50:15
22        <intent>
22-->src/main/AndroidManifest.xml:46:9-49:18
23            <action android:name="android.intent.action.PROCESS_TEXT" />
23-->src/main/AndroidManifest.xml:47:13-72
23-->src/main/AndroidManifest.xml:47:21-70
24
25            <data android:mimeType="text/plain" />
25-->src/main/AndroidManifest.xml:48:13-50
25-->src/main/AndroidManifest.xml:48:19-48
26        </intent>
27    </queries>
28
29    <uses-permission android:name="android.permission.ACCESS_NETWORK_STATE" />
29-->[:connectivity_plus] AndroidManifest.xml:9:5-79
29-->[:connectivity_plus] AndroidManifest.xml:9:22-76
30
31    <permission
31-->[androidx.core:core:1.9.0] AndroidManifest.xml:22:5-24:47
32        android:name="com.example.kamu_sinavi_app.DYNAMIC_RECEIVER_NOT_EXPORTED_PERMISSION"
32-->[androidx.core:core:1.9.0] AndroidManifest.xml:23:9-81
33        android:protectionLevel="signature" />
33-->[androidx.core:core:1.9.0] AndroidManifest.xml:24:9-44
34
35    <uses-permission android:name="com.example.kamu_sinavi_app.DYNAMIC_RECEIVER_NOT_EXPORTED_PERMISSION" />
35-->[androidx.core:core:1.9.0] AndroidManifest.xml:26:5-97
35-->[androidx.core:core:1.9.0] AndroidManifest.xml:26:22-94
36
37    <application
38        android:name="android.app.Application"
38-->src/main/AndroidManifest.xml:10:9-42
39        android:appComponentFactory="androidx.core.app.CoreComponentFactory"
39-->[androidx.core:core:1.9.0] AndroidManifest.xml:28:18-86
40        android:icon="@mipmap/ic_launcher"
40-->src/main/AndroidManifest.xml:11:9-43
41        android:label="kamu_sinavi_app" >
41-->src/main/AndroidManifest.xml:9:9-40
42        <activity
42-->src/main/AndroidManifest.xml:12:9-33:20
43            android:name="com.example.kamu_sinavi_app.MainActivity"
43-->src/main/AndroidManifest.xml:13:13-41
44            android:configChanges="orientation|keyboardHidden|keyboard|screenSize|smallestScreenSize|locale|layoutDirection|fontScale|screenLayout|density|uiMode"
44-->src/main/AndroidManifest.xml:18:13-163
45            android:exported="true"
45-->src/main/AndroidManifest.xml:14:13-36
46            android:hardwareAccelerated="true"
46-->src/main/AndroidManifest.xml:19:13-47
47            android:launchMode="singleTop"
47-->src/main/AndroidManifest.xml:15:13-43
48            android:taskAffinity=""
48-->src/main/AndroidManifest.xml:16:13-36
49            android:theme="@style/LaunchTheme"
49-->src/main/AndroidManifest.xml:17:13-47
50            android:windowSoftInputMode="adjustResize" >
50-->src/main/AndroidManifest.xml:20:13-55
51
52            <!--
53                 Specifies an Android theme to apply to this Activity as soon as
54                 the Android process has started. This theme is visible to the user
55                 while the Flutter UI initializes. After that, this theme continues
56                 to determine the Window background behind the Flutter UI.
57            -->
58            <meta-data
58-->src/main/AndroidManifest.xml:25:13-28:17
59                android:name="io.flutter.embedding.android.NormalTheme"
59-->src/main/AndroidManifest.xml:26:15-70
60                android:resource="@style/NormalTheme" />
60-->src/main/AndroidManifest.xml:27:15-52
61
62            <intent-filter>
62-->src/main/AndroidManifest.xml:29:13-32:29
63                <action android:name="android.intent.action.MAIN" />
63-->src/main/AndroidManifest.xml:30:17-68
63-->src/main/AndroidManifest.xml:30:25-66
64
65                <category android:name="android.intent.category.LAUNCHER" />
65-->src/main/AndroidManifest.xml:31:17-76
65-->src/main/AndroidManifest.xml:31:27-74
66            </intent-filter>
67        </activity>
68        <!--
69             Don't delete the meta-data below.
70             This is used by the Flutter tool to generate GeneratedPluginRegistrant.java
71        -->
72        <meta-data
72-->src/main/AndroidManifest.xml:36:9-38:33
73            android:name="flutterEmbedding"
73-->src/main/AndroidManifest.xml:37:13-44
74            android:value="2" />
74-->src/main/AndroidManifest.xml:38:13-30
75
76        <provider
76-->[:flutter_email_sender] AndroidManifest.xml:10:9-18:20
77            android:name="com.sidlatau.flutteremailsender.FlutterEmailSenderFileProvider"
77-->[:flutter_email_sender] AndroidManifest.xml:11:13-90
78            android:authorities="com.example.kamu_sinavi_app.file_provider"
78-->[:flutter_email_sender] AndroidManifest.xml:12:13-65
79            android:exported="false"
79-->[:flutter_email_sender] AndroidManifest.xml:13:13-37
80            android:grantUriPermissions="true" >
80-->[:flutter_email_sender] AndroidManifest.xml:14:13-47
81            <meta-data
81-->[:flutter_email_sender] AndroidManifest.xml:15:13-17:61
82                android:name="android.support.FILE_PROVIDER_PATHS"
82-->[:flutter_email_sender] AndroidManifest.xml:16:17-67
83                android:resource="@xml/shared_file_paths" />
83-->[:flutter_email_sender] AndroidManifest.xml:17:17-58
84        </provider>
85
86        <uses-library
86-->[androidx.window:window:1.0.0-beta04] AndroidManifest.xml:25:9-27:40
87            android:name="androidx.window.extensions"
87-->[androidx.window:window:1.0.0-beta04] AndroidManifest.xml:26:13-54
88            android:required="false" />
88-->[androidx.window:window:1.0.0-beta04] AndroidManifest.xml:27:13-37
89        <uses-library
89-->[androidx.window:window:1.0.0-beta04] AndroidManifest.xml:28:9-30:40
90            android:name="androidx.window.sidecar"
90-->[androidx.window:window:1.0.0-beta04] AndroidManifest.xml:29:13-51
91            android:required="false" />
91-->[androidx.window:window:1.0.0-beta04] AndroidManifest.xml:30:13-37
92
93        <provider
93-->[androidx.emoji2:emoji2:1.2.0] AndroidManifest.xml:24:9-32:20
94            android:name="androidx.startup.InitializationProvider"
94-->[androidx.emoji2:emoji2:1.2.0] AndroidManifest.xml:25:13-67
95            android:authorities="com.example.kamu_sinavi_app.androidx-startup"
95-->[androidx.emoji2:emoji2:1.2.0] AndroidManifest.xml:26:13-68
96            android:exported="false" >
96-->[androidx.emoji2:emoji2:1.2.0] AndroidManifest.xml:27:13-37
97            <meta-data
97-->[androidx.emoji2:emoji2:1.2.0] AndroidManifest.xml:29:13-31:52
98                android:name="androidx.emoji2.text.EmojiCompatInitializer"
98-->[androidx.emoji2:emoji2:1.2.0] AndroidManifest.xml:30:17-75
99                android:value="androidx.startup" />
99-->[androidx.emoji2:emoji2:1.2.0] AndroidManifest.xml:31:17-49
100            <meta-data
100-->[androidx.lifecycle:lifecycle-process:2.4.1] AndroidManifest.xml:31:13-33:52
101                android:name="androidx.lifecycle.ProcessLifecycleInitializer"
101-->[androidx.lifecycle:lifecycle-process:2.4.1] AndroidManifest.xml:32:17-78
102                android:value="androidx.startup" />
102-->[androidx.lifecycle:lifecycle-process:2.4.1] AndroidManifest.xml:33:17-49
103        </provider>
104    </application>
105
106</manifest>